Watching for file changes with StatReloader
"GET / HTTP/1.1" 200 8981
"GET /news/ HTTP/1.1" 200 8981
"GET /news/?page=2 HTTP/1.1" 200 9318
D:\Documents\git_test_clone\NewsProject2\news_project\news_project\settings.py changed, reloading.
Watching for file changes with StatReloader
"GET / HTTP/1.1" 200 8981
Not Found: /favicon.ico
"GET /favicon.ico HTTP/1.1" 404 4694
D:\Documents\git_test_clone\NewsProject2\news_project\news\views.py changed, reloading.
Watching for file changes with StatReloader
D:\Documents\git_test_clone\NewsProject2\news_project\news_project\settings.py changed, reloading.
Watching for file changes with StatReloader
D:\Documents\git_test_clone\NewsProject2\news_project\news_project\settings.py changed, reloading.
Watching for file changes with StatReloader
"GET / HTTP/1.1" 200 8981
Watching for file changes with StatReloader
"GET / HTTP/1.1" 200 8981
"GET /news/ HTTP/1.1" 200 8981
"GET /news/?page=2 HTTP/1.1" 200 9318
"GET /news/?page=3 HTTP/1.1" 200 7016
D:\Documents\git_test_clone\NewsProject2\news_project\news_project\settings.py changed, reloading.
Watching for file changes with StatReloader
D:\Documents\git_test_clone\NewsProject2\news_project\news_project\settings.py changed, reloading.
INFO Watching for file changes with StatReloader
INFO D:\Documents\git_test_clone\NewsProject2\news_project\news_project\settings.py changed, reloading.
INFO Watching for file changes with StatReloader
INFO "GET / HTTP/1.1" 200 8981
INFO "GET /news/ HTTP/1.1" 200 8981
INFO D:\Documents\git_test_clone\NewsProject2\news_project\news_project\settings.py changed, reloading.
INFO Watching for file changes with StatReloader
INFO "GET /news/ HTTP/1.1" 200 8981
INFO D:\Documents\git_test_clone\NewsProject2\news_project\news_project\settings.py changed, reloading.
INFO Watching for file changes with StatReloader 2024-07-02 06:19:07,349
INFO "GET /news/?page=3 HTTP/1.1" 200 7016 2024-07-02 06:19:28,062
INFO D:\Documents\git_test_clone\NewsProject2\news_project\news\views.py changed, reloading. 2024-07-02 06:20:51,366
INFO Watching for file changes with StatReloader 2024-07-02 06:20:52,421
INFO D:\Documents\git_test_clone\NewsProject2\news_project\news\views.py changed, reloading. 2024-07-02 06:21:00,058
INFO Watching for file changes with StatReloader 2024-07-02 06:21:01,051
INFO "GET / HTTP/1.1" 200 8981 2024-07-02 06:21:13,431
INFO "GET /?page=2 HTTP/1.1" 200 9318 2024-07-02 06:21:22,850
INFO "GET / HTTP/1.1" 200 8981 2024-07-02 06:21:35,158
INFO D:\Documents\git_test_clone\NewsProject2\news_project\news\views.py changed, reloading. 2024-07-02 06:22:04,670
INFO Watching for file changes with StatReloader 2024-07-02 06:22:05,645
INFO D:\Documents\git_test_clone\NewsProject2\news_project\news\views.py changed, reloading. 2024-07-02 06:22:40,009
INFO Watching for file changes with StatReloader 2024-07-02 06:22:40,988
INFO D:\Documents\git_test_clone\NewsProject2\news_project\news\views.py changed, reloading. 2024-07-02 06:23:21,543
INFO Watching for file changes with StatReloader 2024-07-02 06:23:22,505
INFO Watching for file changes with StatReloader 2024-07-02 06:23:47,504
INFO D:\Documents\git_test_clone\NewsProject2\news_project\news\views.py changed, reloading. 2024-07-02 06:24:21,330
INFO Watching for file changes with StatReloader 2024-07-02 06:24:22,305
INFO D:\Documents\git_test_clone\NewsProject2\news_project\news\views.py changed, reloading. 2024-07-02 06:24:28,879
INFO Watching for file changes with StatReloader 2024-07-02 06:24:29,852
INFO D:\Documents\git_test_clone\NewsProject2\news_project\news\views.py changed, reloading. 2024-07-02 06:25:00,734
INFO Watching for file changes with StatReloader 2024-07-02 06:25:01,727
INFO D:\Documents\git_test_clone\NewsProject2\news_project\news\views.py changed, reloading. 2024-07-02 06:27:41,207
INFO Watching for file changes with StatReloader 2024-07-02 06:27:42,193
INFO D:\Documents\git_test_clone\NewsProject2\news_project\news\views.py changed, reloading. 2024-07-02 06:28:47,964
INFO Watching for file changes with StatReloader 2024-07-02 06:28:49,006
INFO "GET /?page=2 HTTP/1.1" 200 9318 2024-07-02 06:29:10,706
INFO D:\Documents\git_test_clone\NewsProject2\news_project\news_project\settings.py changed, reloading. 2024-07-02 06:35:20,150
INFO Watching for file changes with StatReloader 2024-07-02 06:35:21,167
INFO D:\Documents\git_test_clone\NewsProject2\news_project\news_project\settings.py changed, reloading. 2024-07-02 06:36:54,470
INFO Watching for file changes with StatReloader 2024-07-02 06:36:55,537
INFO D:\Documents\git_test_clone\NewsProject2\news_project\news_project\settings.py changed, reloading. 2024-07-02 06:37:55,054
INFO Watching for file changes with StatReloader 2024-07-02 06:38:02,484
INFO D:\Documents\git_test_clone\NewsProject2\news_project\news_project\settings.py changed, reloading. 2024-07-02 06:45:32,013
